<?xml version="1.0" encoding="UTF-8"?>
<testsuite xmlns:xsi="http://www.w3.org/2001/XMLSchema-instance" xsi:noNamespaceSchemaLocation="https://maven.apache.org/surefire/maven-surefire-plugin/xsd/surefire-test-report-3.0.xsd" version="3.0" name="ApiTests" time="367.274" tests="1" errors="0" skipped="0" failures="0">
  <properties>
    <property name="java.specification.version" value="14"/>
    <property name="sun.cpu.isalist" value="amd64"/>
    <property name="sun.jnu.encoding" value="Cp1251"/>
    <property name="java.class.path" value="C:\Users\User\IdeaProjects\WebToursApiTest\target\test-classes;C:\Users\User\IdeaProjects\WebToursApiTest\target\classes;C:\Users\User\.m2\repository\io\rest-assured\rest-assured\4.3.1\rest-assured-4.3.1.jar;C:\Users\User\.m2\repository\org\codehaus\groovy\groovy\3.0.3\groovy-3.0.3.jar;C:\Users\User\.m2\repository\org\codehaus\groovy\groovy-xml\3.0.3\groovy-xml-3.0.3.jar;C:\Users\User\.m2\repository\org\apache\httpcomponents\httpclient\4.5.3\httpclient-4.5.3.jar;C:\Users\User\.m2\repository\org\apache\httpcomponents\httpcore\4.4.6\httpcore-4.4.6.jar;C:\Users\User\.m2\repository\commons-logging\commons-logging\1.2\commons-logging-1.2.jar;C:\Users\User\.m2\repository\commons-codec\commons-codec\1.9\commons-codec-1.9.jar;C:\Users\User\.m2\repository\org\apache\httpcomponents\httpmime\4.5.3\httpmime-4.5.3.jar;C:\Users\User\.m2\repository\org\hamcrest\hamcrest\2.1\hamcrest-2.1.jar;C:\Users\User\.m2\repository\org\ccil\cowan\tagsoup\tagsoup\1.2.1\tagsoup-1.2.1.jar;C:\Users\User\.m2\repository\io\rest-assured\json-path\4.3.1\json-path-4.3.1.jar;C:\Users\User\.m2\repository\org\codehaus\groovy\groovy-json\3.0.3\groovy-json-3.0.3.jar;C:\Users\User\.m2\repository\io\rest-assured\rest-assured-common\4.3.1\rest-assured-common-4.3.1.jar;C:\Users\User\.m2\repository\io\rest-assured\xml-path\4.3.1\xml-path-4.3.1.jar;C:\Users\User\.m2\repository\org\apache\commons\commons-lang3\3.4\commons-lang3-3.4.jar;C:\Users\User\.m2\repository\jakarta\xml\bind\jakarta.xml.bind-api\2.3.3\jakarta.xml.bind-api-2.3.3.jar;C:\Users\User\.m2\repository\jakarta\activation\jakarta.activation-api\1.2.2\jakarta.activation-api-1.2.2.jar;C:\Users\User\.m2\repository\com\sun\xml\bind\jaxb-impl\2.3.3\jaxb-impl-2.3.3.jar;C:\Users\User\.m2\repository\io\qameta\allure\allure-testng\2.13.6\allure-testng-2.13.6.jar;C:\Users\User\.m2\repository\io\qameta\allure\allure-java-commons\2.13.6\allure-java-commons-2.13.6.jar;C:\Users\User\.m2\repository\io\qameta\allure\allure-model\2.13.6\allure-model-2.13.6.jar;C:\Users\User\.m2\repository\org\slf4j\slf4j-api\1.7.30\slf4j-api-1.7.30.jar;C:\Users\User\.m2\repository\org\apache\tika\tika-core\1.24.1\tika-core-1.24.1.jar;C:\Users\User\.m2\repository\org\jooq\joor-java-8\0.9.13\joor-java-8-0.9.13.jar;C:\Users\User\.m2\repository\com\fasterxml\jackson\core\jackson-databind\2.11.2\jackson-databind-2.11.2.jar;C:\Users\User\.m2\repository\com\fasterxml\jackson\core\jackson-annotations\2.11.2\jackson-annotations-2.11.2.jar;C:\Users\User\.m2\repository\com\fasterxml\jackson\core\jackson-core\2.11.2\jackson-core-2.11.2.jar;C:\Users\User\.m2\repository\org\testng\testng\6.14.3\testng-6.14.3.jar;C:\Users\User\.m2\repository\com\beust\jcommander\1.72\jcommander-1.72.jar;C:\Users\User\.m2\repository\org\apache-extras\beanshell\bsh\2.0b6\bsh-2.0b6.jar;C:\Users\User\.m2\repository\org\jsoup\jsoup\1.13.1\jsoup-1.13.1.jar;"/>
    <property name="java.vm.vendor" value="Oracle Corporation"/>
    <property name="sun.arch.data.model" value="64"/>
    <property name="user.variant" value=""/>
    <property name="java.vendor.url" value="https://java.oracle.com/"/>
    <property name="user.timezone" value="Europe/Moscow"/>
    <property name="os.name" value="Windows 8.1"/>
    <property name="java.vm.specification.version" value="14"/>
    <property name="sun.java.launcher" value="SUN_STANDARD"/>
    <property name="user.country" value="RU"/>
    <property name="sun.boot.library.path" value="C:\Program Files\Java\jdk-14.0.1\bin"/>
    <property name="sun.java.command" value="C:\Users\User\AppData\Local\Temp\surefire17582063379120231810\surefirebooter3205522669626864309.jar C:\Users\User\AppData\Local\Temp\surefire17582063379120231810 2020-10-20T00-57-20_104-jvmRun1 surefire16290966384256030607tmp surefire_015132702735196905587tmp"/>
    <property name="jdk.debug" value="release"/>
    <property name="surefire.test.class.path" value="C:\Users\User\IdeaProjects\WebToursApiTest\target\test-classes;C:\Users\User\IdeaProjects\WebToursApiTest\target\classes;C:\Users\User\.m2\repository\io\rest-assured\rest-assured\4.3.1\rest-assured-4.3.1.jar;C:\Users\User\.m2\repository\org\codehaus\groovy\groovy\3.0.3\groovy-3.0.3.jar;C:\Users\User\.m2\repository\org\codehaus\groovy\groovy-xml\3.0.3\groovy-xml-3.0.3.jar;C:\Users\User\.m2\repository\org\apache\httpcomponents\httpclient\4.5.3\httpclient-4.5.3.jar;C:\Users\User\.m2\repository\org\apache\httpcomponents\httpcore\4.4.6\httpcore-4.4.6.jar;C:\Users\User\.m2\repository\commons-logging\commons-logging\1.2\commons-logging-1.2.jar;C:\Users\User\.m2\repository\commons-codec\commons-codec\1.9\commons-codec-1.9.jar;C:\Users\User\.m2\repository\org\apache\httpcomponents\httpmime\4.5.3\httpmime-4.5.3.jar;C:\Users\User\.m2\repository\org\hamcrest\hamcrest\2.1\hamcrest-2.1.jar;C:\Users\User\.m2\repository\org\ccil\cowan\tagsoup\tagsoup\1.2.1\tagsoup-1.2.1.jar;C:\Users\User\.m2\repository\io\rest-assured\json-path\4.3.1\json-path-4.3.1.jar;C:\Users\User\.m2\repository\org\codehaus\groovy\groovy-json\3.0.3\groovy-json-3.0.3.jar;C:\Users\User\.m2\repository\io\rest-assured\rest-assured-common\4.3.1\rest-assured-common-4.3.1.jar;C:\Users\User\.m2\repository\io\rest-assured\xml-path\4.3.1\xml-path-4.3.1.jar;C:\Users\User\.m2\repository\org\apache\commons\commons-lang3\3.4\commons-lang3-3.4.jar;C:\Users\User\.m2\repository\jakarta\xml\bind\jakarta.xml.bind-api\2.3.3\jakarta.xml.bind-api-2.3.3.jar;C:\Users\User\.m2\repository\jakarta\activation\jakarta.activation-api\1.2.2\jakarta.activation-api-1.2.2.jar;C:\Users\User\.m2\repository\com\sun\xml\bind\jaxb-impl\2.3.3\jaxb-impl-2.3.3.jar;C:\Users\User\.m2\repository\io\qameta\allure\allure-testng\2.13.6\allure-testng-2.13.6.jar;C:\Users\User\.m2\repository\io\qameta\allure\allure-java-commons\2.13.6\allure-java-commons-2.13.6.jar;C:\Users\User\.m2\repository\io\qameta\allure\allure-model\2.13.6\allure-model-2.13.6.jar;C:\Users\User\.m2\repository\org\slf4j\slf4j-api\1.7.30\slf4j-api-1.7.30.jar;C:\Users\User\.m2\repository\org\apache\tika\tika-core\1.24.1\tika-core-1.24.1.jar;C:\Users\User\.m2\repository\org\jooq\joor-java-8\0.9.13\joor-java-8-0.9.13.jar;C:\Users\User\.m2\repository\com\fasterxml\jackson\core\jackson-databind\2.11.2\jackson-databind-2.11.2.jar;C:\Users\User\.m2\repository\com\fasterxml\jackson\core\jackson-annotations\2.11.2\jackson-annotations-2.11.2.jar;C:\Users\User\.m2\repository\com\fasterxml\jackson\core\jackson-core\2.11.2\jackson-core-2.11.2.jar;C:\Users\User\.m2\repository\org\testng\testng\6.14.3\testng-6.14.3.jar;C:\Users\User\.m2\repository\com\beust\jcommander\1.72\jcommander-1.72.jar;C:\Users\User\.m2\repository\org\apache-extras\beanshell\bsh\2.0b6\bsh-2.0b6.jar;C:\Users\User\.m2\repository\org\jsoup\jsoup\1.13.1\jsoup-1.13.1.jar;"/>
    <property name="sun.cpu.endian" value="little"/>
    <property name="user.home" value="C:\Users\User"/>
    <property name="user.language" value="ru"/>
    <property name="java.specification.vendor" value="Oracle Corporation"/>
    <property name="java.version.date" value="2020-04-14"/>
    <property name="java.home" value="C:\Program Files\Java\jdk-14.0.1"/>
    <property name="file.separator" value="\"/>
    <property name="basedir" value="C:\Users\User\IdeaProjects\WebToursApiTest"/>
    <property name="java.vm.compressedOopsMode" value="32-bit"/>
    <property name="line.separator" value="&#10;"/>
    <property name="java.vm.specification.vendor" value="Oracle Corporation"/>
    <property name="java.specification.name" value="Java Platform API Specification"/>
    <property name="surefire.real.class.path" value="C:\Users\User\AppData\Local\Temp\surefire17582063379120231810\surefirebooter3205522669626864309.jar"/>
    <property name="user.script" value=""/>
    <property name="sun.management.compiler" value="HotSpot 64-Bit Tiered Compilers"/>
    <property name="java.runtime.version" value="14.0.1+7"/>
    <property name="user.name" value="User"/>
    <property name="path.separator" value=";"/>
    <property name="os.version" value="6.3"/>
    <property name="java.runtime.name" value="Java(TM) SE Runtime Environment"/>
    <property name="file.encoding" value="Cp1251"/>
    <property name="java.vm.name" value="Java HotSpot(TM) 64-Bit Server VM"/>
    <property name="localRepository" value="C:\Users\User\.m2\repository"/>
    <property name="java.vendor.url.bug" value="https://bugreport.java.com/bugreport/"/>
    <property name="java.io.tmpdir" value="C:\Users\User\AppData\Local\Temp\"/>
    <property name="idea.version" value="2020.2.2"/>
    <property name="java.version" value="14.0.1"/>
    <property name="user.dir" value="C:\Users\User\IdeaProjects\WebToursApiTest"/>
    <property name="os.arch" value="amd64"/>
    <property name="java.vm.specification.name" value="Java Virtual Machine Specification"/>
    <property name="sun.os.patch.level" value=""/>
    <property name="java.library.path" value="C:\Program Files\Java\jdk-14.0.1\bin;C:\Windows\Sun\Java\bin;C:\Windows\system32;C:\Windows;C:\curl-7.72.0-win64-mingw\bin;C:\strawberry\c\bin;C:\strawberry\perl\bin;;C:\Users\User\AppData\Local\Programs\Microsoft VS Code\bin;C:\Program Files\Docker Toolbox;C:\Users\User\AppData\Local\Programs\Fiddler;."/>
    <property name="java.vm.info" value="mixed mode, sharing"/>
    <property name="java.vendor" value="Oracle Corporation"/>
    <property name="java.vm.version" value="14.0.1+7"/>
    <property name="sun.io.unicode.encoding" value="UnicodeLittle"/>
    <property name="java.class.version" value="58.0"/>
  </properties>
  <testcase name="goWebTours" classname="ApiTests" time="349.763">
    <system-out><![CDATA[<html>
  <head>
    <title>Web Tours</title>
  </head>
  <frameset rows="65,*" border="1" bordercolor="#E0E7F1">
    <frame frameborder="1" noresize="noresize" scrolling="no" name="header" src="header.html" marginheight="2" marginwidth="2"/>
    <frame frameborder="1" noresize="noresize" scrolling="auto" name="body" src="/cgi-bin/welcome.pl?signOff=true" marginheight="2" marginwidth="2"/>
  </frameset>
</html>
<!DOCTYPE html PUBLIC "-//W3C//DTD XHTML 1.0 Transitional//EN" "http://www.w3.org/TR/xhtml1/DTD/xhtml1-transitional.dtd">
<html xmlns="http://www.w3.org/1999/xhtml" lang="en-US" xml:lang="en-US"> 
 <head> 
  <title>Web Tours Navigation Bar</title> 
  <meta http-equiv="Content-Type" content="text/html; charset=iso-8859-1"> 
 </head> 
 <body bgcolor="#E0E7F1"> 
  <style>
blockquote {font-family: tahoma; font-size : 10pt}
H1 {font-family: tahoma; font-size : 22pt; color: #993333}
H3 {font-family: tahoma; font-size : 10pt; color: black}
small {font-family: tahoma; font-size : 8pt}
</style> 
  <form method="post" action="/cgi-bin/login.pl" target="body"> 
   <input type="hidden" name="userSession" value="0AA"> 
   <table border="0">
    <tbody>
     <tr>
      <td>&nbsp;</td> 
      <td>&nbsp;</td>
     </tr> 
     <tr>
      <td>&nbsp;</td> 
      <td>&nbsp;</td>
     </tr> 
     <tr>
      <td>&nbsp;</td> 
      <td><small>&nbsp;Username</small></td>
     </tr> 
     <tr>
      <td>&nbsp;</td> 
      <td><input type="text" name="username" value="" size="14" maxlength="14"></td>
     </tr> 
     <tr>
      <td>&nbsp;</td> 
      <td><small>&nbsp;Password</small></td> 
     </tr>
     <tr>
      <td>&nbsp;</td> 
      <td><input type="password" name="password" value="" size="14" maxlength="14"></td>
     </tr> 
     <tr>
      <td>&nbsp;</td> 
      <td>&nbsp;</td>
     </tr> 
     <tr>
      <td>&nbsp;</td> 
      <td><input type="image" name="login" value="Login" alt="Login" border="1" src="/WebTours/images/mer_login.gif"></td>
     </tr> 
     <tr>
      <td>&nbsp;</td>
      <td>&nbsp;</td>
     </tr> 
    </tbody>
   </table>
   <input type="hidden" name="JSFormSubmit" value="off"> 
  </form>  
 </body>
</html>
Session ID: 0AA
]]></system-out>
    <system-err><![CDATA[SLF4J: Failed to load class "org.slf4j.impl.StaticLoggerBinder".
SLF4J: Defaulting to no-operation (NOP) logger implementation
SLF4J: See http://www.slf4j.org/codes.html#StaticLoggerBinder for further details.
]]></system-err>
  </testcase>
</testsuite>