<?xml version="1.0" encoding="UTF-8"?>
<!-- Generated by org.testng.reporters.JUnitReportReporter -->
<testsuite hostname="Admin-PC" failures="0" tests="1" name="ApiTests" time="349.288" errors="0" timestamp="19 окт. 2020 22:03:45 GMT" skipped="0">
  <testcase classname="ApiTests" name="goWebTours" time="349.288"/>
</testsuite> <!-- ApiTests -->
